<?xml version="1.0" encoding="UTF-8"?>
<!-- Generated by org.testng.reporters.JUnitXMLReporter -->
<testsuite hostname="LAPTOP-J5FB7FLK" ignored="0" name="Default test" tests="5" failures="0" timestamp="12 May 2023 13:02:49 GMT" time="0.077" errors="0">
  <testcase name="TestFive" time="0.018" classname="JenkinsIntegration.JenkinsIntegrationDemo"/>
  <testcase name="TestFour" time="0.003" classname="JenkinsIntegration.JenkinsIntegrationDemo"/>
  <testcase name="TestOne" time="0.003" classname="JenkinsIntegration.JenkinsIntegrationDemo"/>
  <testcase name="TestThree" time="0.002" classname="JenkinsIntegration.JenkinsIntegrationDemo"/>
  <testcase name="TestTwo" time="0.002" classname="JenkinsIntegration.JenkinsIntegrationDemo"/>
</testsuite> <!-- Default test -->
